<?xml version="1.0" encoding="UTF-8"?>
<!-- Generated by org.testng.reporters.JUnitReportReporter -->
<testsuite hostname="LAPTOP-FCHV3GMA" failures="0" tests="2" name="hw16JavaSeleniumMethods.Use_of_testAnAlaet_accept_dismiss_switchToAlart_methods" time="14.778" errors="0" timestamp="2022-01-02T21:59:49 EST" skipped="0">
  <testcase classname="hw16JavaSeleniumMethods.Use_of_testAnAlaet_accept_dismiss_switchToAlart_methods" name="alertTest" time="9.691"/>
  <system-out/>
  <testcase classname="hw16JavaSeleniumMethods.Use_of_testAnAlaet_accept_dismiss_switchToAlart_methods" name="alartDismiss" time="5.087"/>
  <system-out/>
</testsuite> <!-- hw16JavaSeleniumMethods.Use_of_testAnAlaet_accept_dismiss_switchToAlart_methods -->
