<?xml version="1.0" encoding="UTF-8"?>
<!-- Generated by org.testng.reporters.JUnitReportReporter -->
<testsuite hostname="LAPTOP-FCHV3GMA" failures="0" tests="1" name="hw15JavaSeleniumMethods.Use_of_navigate_to_back_forward_refresh_methods" time="12.860" errors="0" timestamp="2021-12-27T17:43:47 EST" skipped="0">
  <testcase classname="hw15JavaSeleniumMethods.Use_of_navigate_to_back_forward_refresh_methods" name="userNameFieldTest" time="12.860"/>
  <system-out/>
</testsuite> <!-- hw15JavaSeleniumMethods.Use_of_navigate_to_back_forward_refresh_methods -->
