<?xml version="1.0" encoding="UTF-8"?>
<!-- Generated by org.testng.reporters.JUnitReportReporter -->
<testsuite hostname="LAPTOP-FCHV3GMA" failures="0" tests="1" name="hw13JavaSeleniumMethods.UseOfMethods" time="7.649" errors="0" timestamp="2022-01-02T19:16:34 EST" skipped="0">
  <testcase classname="hw13JavaSeleniumMethods.UseOfMethods" name="enrollNowBottonTest" time="7.649"/>
  <system-out/>
</testsuite> <!-- hw13JavaSeleniumMethods.UseOfMethods -->
