<?xml version="1.0" encoding="UTF-8"?>
<!-- Generated by org.testng.reporters.JUnitReportReporter -->
<testsuite hostname="LAPTOP-FCHV3GMA" failures="0" tests="5" name="hw15JavaSeleniumMethods.Use_of_maximize_fullScreen_deleteAllCookies_setSize_getSize_methods" time="29.071" errors="0" timestamp="2021-12-27T18:24:27 EST" skipped="0">
  <testcase classname="hw15JavaSeleniumMethods.Use_of_maximize_fullScreen_deleteAllCookies_setSize_getSize_methods" name="fullScreenTest" time="5.073"/>
  <system-out/>
  <testcase classname="hw15JavaSeleniumMethods.Use_of_maximize_fullScreen_deleteAllCookies_setSize_getSize_methods" name="maximizeWindowTest" time="5.201"/>
  <system-out/>
  <testcase classname="hw15JavaSeleniumMethods.Use_of_maximize_fullScreen_deleteAllCookies_setSize_getSize_methods" name="deleteAllCookies" time="4.760"/>
  <system-out/>
  <testcase classname="hw15JavaSeleniumMethods.Use_of_maximize_fullScreen_deleteAllCookies_setSize_getSize_methods" name="setSpecificsizeOfWindow" time="8.966"/>
  <system-out/>
  <testcase classname="hw15JavaSeleniumMethods.Use_of_maximize_fullScreen_deleteAllCookies_setSize_getSize_methods" name="getWindowSize" time="5.071"/>
  <system-out/>
</testsuite> <!-- hw15JavaSeleniumMethods.Use_of_maximize_fullScreen_deleteAllCookies_setSize_getSize_methods -->
