<?xml version="1.0" encoding="UTF-8"?>
<!-- Generated by org.testng.reporters.JUnitReportReporter -->
<testsuite hostname="LAPTOP-FCHV3GMA" failures="0" tests="1" name="hw17JavaSelenium.Use_of_javaScriptExecutor_for_click" time="4.055" errors="0" timestamp="2022-01-05T18:00:30 EST" skipped="0">
  <testcase classname="hw17JavaSelenium.Use_of_javaScriptExecutor_for_click" name="searchItemByclickingSearchButtonTest02" time="4.055"/>
  <system-out/>
</testsuite> <!-- hw17JavaSelenium.Use_of_javaScriptExecutor_for_click -->
