<?xml version="1.0" encoding="UTF-8"?>
<!-- Generated by org.testng.reporters.JUnitReportReporter -->
<testsuite hostname="LAPTOP-FCHV3GMA" failures="0" tests="1" name="hw15JavaSeleniumMethods.Use_of_clear_keysEnter_methods" time="13.920" errors="0" timestamp="2022-01-02T14:38:31 EST" skipped="0">
  <testcase classname="hw15JavaSeleniumMethods.Use_of_clear_keysEnter_methods" name="logInInfoTest2" time="13.920"/>
  <system-out/>
</testsuite> <!-- hw15JavaSeleniumMethods.Use_of_clear_keysEnter_methods -->
