<?xml version="1.0" encoding="UTF-8"?>
<!-- Generated by org.testng.reporters.JUnitReportReporter -->
<testsuite hostname="LAPTOP-FCHV3GMA" failures="0" tests="1" name="classPrectice.Hw_use_of_isDissplay_method" time="0.086" errors="0" timestamp="2021-12-21T18:38:37 EST" skipped="0">
  <testcase classname="classPrectice.Hw_use_of_isDissplay_method" name="applyNowTest" time="0.086"/>
  <system-out/>
</testsuite> <!-- classPrectice.Hw_use_of_isDissplay_method -->
