<?xml version="1.0" encoding="UTF-8"?>
<!-- Generated by org.testng.reporters.JUnitReportReporter -->
<testsuite hostname="LAPTOP-FCHV3GMA" failures="0" tests="1" name="hw15JavaSeleniumMethods.Use_of_clear_keysEnter_methods" time="16.540" errors="0" timestamp="2022-02-25T16:35:22 EST" skipped="0">
  <testcase classname="hw15JavaSeleniumMethods.Use_of_clear_keysEnter_methods" name="logInInfoTest" time="16.540"/>
  <system-out/>
</testsuite> <!-- hw15JavaSeleniumMethods.Use_of_clear_keysEnter_methods -->
