<?xml version="1.0" encoding="UTF-8"?>
<!-- Generated by org.testng.reporters.JUnitReportReporter -->
<testsuite hostname="LAPTOP-FCHV3GMA" failures="0" tests="1" name="hw16JavaSeleniumMethods.use_of_hoveOver_moveToElement_build_perform_method" time="7.021" errors="0" timestamp="2022-01-05T13:33:58 EST" skipped="0">
  <testcase classname="hw16JavaSeleniumMethods.use_of_hoveOver_moveToElement_build_perform_method" name="hoveObverActionOnSignInTest" time="7.021"/>
  <system-out/>
</testsuite> <!-- hw16JavaSeleniumMethods.use_of_hoveOver_moveToElement_build_perform_method -->
