<?xml version="1.0" encoding="UTF-8"?>
<!-- Generated by org.testng.reporters.JUnitReportReporter -->
<testsuite hostname="LAPTOP-FCHV3GMA" failures="0" tests="1" name="hw14JavaSeleniumMethods.Use_of_getText_method" time="0.195" errors="0" timestamp="2022-01-05T11:22:07 EST" skipped="0">
  <testcase classname="hw14JavaSeleniumMethods.Use_of_getText_method" name="getTextTest" time="0.195"/>
  <system-out/>
</testsuite> <!-- hw14JavaSeleniumMethods.Use_of_getText_method -->
