<?xml version="1.0" encoding="UTF-8"?>
<!-- Generated by org.testng.reporters.JUnitReportReporter -->
<testsuite hostname="LAPTOP-FCHV3GMA" failures="0" tests="1" name="hw14JavaSeleniumMethods.Use_of_sendKeys_method" time="7.472" errors="0" timestamp="2022-01-05T11:59:21 EST" skipped="0">
  <testcase classname="hw14JavaSeleniumMethods.Use_of_sendKeys_method" name="searchFieldTest" time="7.472"/>
  <system-out/>
</testsuite> <!-- hw14JavaSeleniumMethods.Use_of_sendKeys_method -->
