<?xml version="1.0" encoding="UTF-8"?>
<!-- Generated by org.testng.reporters.JUnitReportReporter -->
<testsuite hostname="LAPTOP-FCHV3GMA" failures="0" tests="1" name="hw14JavaSeleniumMethods.Use_of_isDisplayed_getTitle_getCurrentUrl_getText_sendKeys_methods" time="5.761" errors="0" timestamp="2022-01-05T10:47:02 EST" skipped="0">
  <testcase classname="hw14JavaSeleniumMethods.Use_of_isDisplayed_getTitle_getCurrentUrl_getText_sendKeys_methods" name="currentURLTest" time="5.761"/>
  <system-out/>
</testsuite> <!-- hw14JavaSeleniumMethods.Use_of_isDisplayed_getTitle_getCurrentUrl_getText_sendKeys_methods -->
