<?xml version="1.0" encoding="UTF-8"?>
<!-- Generated by org.testng.reporters.JUnitReportReporter -->
<testsuite hostname="LAPTOP-FCHV3GMA" failures="0" tests="2" name="classPrectice.Use_of_sendKeys_method" time="8.466" errors="0" timestamp="2021-12-21T23:48:41 EST" skipped="0">
  <testcase classname="classPrectice.Use_of_sendKeys_method" name="userNameFieldTest" time="4.337"/>
  <system-out/>
  <testcase classname="classPrectice.Use_of_sendKeys_method" name="searchFieldTest" time="4.129"/>
  <system-out/>
</testsuite> <!-- classPrectice.Use_of_sendKeys_method -->
