<?xml version="1.0" encoding="UTF-8"?>
<!-- Generated by org.testng.reporters.JUnitReportReporter -->
<testsuite hostname="LAPTOP-FCHV3GMA" failures="0" tests="1" name="hw15JavaSeleniumMethods.Use_of_methods" time="8.673" errors="0" timestamp="2021-12-23T09:04:37 EST" skipped="0">
  <testcase classname="hw15JavaSeleniumMethods.Use_of_methods" name="userNameFieldTest" time="8.673"/>
  <system-out/>
</testsuite> <!-- hw15JavaSeleniumMethods.Use_of_methods -->
