<?xml version="1.0" encoding="UTF-8"?>
<!-- Generated by org.testng.reporters.JUnitReportReporter -->
<testsuite hostname="LAPTOP-FCHV3GMA" failures="0" tests="1" name="hw16JavaSeleniumMethods.use_of_close_selectByIndex_selectByValue_selectByVisibleText_methods" time="9.067" errors="0" timestamp="2022-01-05T13:18:22 EST" skipped="0">
  <testcase classname="hw16JavaSeleniumMethods.use_of_close_selectByIndex_selectByValue_selectByVisibleText_methods" name="selectByIndexTest" time="9.067"/>
  <system-out/>
</testsuite> <!-- hw16JavaSeleniumMethods.use_of_close_selectByIndex_selectByValue_selectByVisibleText_methods -->
