<?xml version="1.0" encoding="UTF-8"?>
<!-- Generated by org.testng.reporters.JUnitReportReporter -->
<testsuite hostname="LAPTOP-FCHV3GMA" failures="0" tests="1" name="bankOfAmerica.HomePage" time="7.031" errors="0" timestamp="2021-12-21T13:25:00 EST" skipped="0">
  <testcase classname="bankOfAmerica.HomePage" name="EnrollNowBottonTest" time="7.031"/>
  <system-out/>
</testsuite> <!-- bankOfAmerica.HomePage -->
