<?xml version="1.0" encoding="UTF-8"?>
<!-- Generated by org.testng.reporters.JUnitReportReporter -->
<testsuite hostname="LAPTOP-FCHV3GMA" failures="0" tests="1" name="classPrectice.Use_of_getText_method" time="5.040" errors="0" timestamp="2021-12-22T00:59:27 EST" skipped="0">
  <testcase classname="classPrectice.Use_of_getText_method" name="getTextTest" time="5.040"/>
  <system-out/>
</testsuite> <!-- classPrectice.Use_of_getText_method -->
