<?xml version="1.0" encoding="UTF-8"?>
<!-- Generated by org.testng.reporters.JUnitReportReporter -->
<testsuite hostname="LAPTOP-FCHV3GMA" failures="0" tests="1" name="classPrectice.Use_of_is_selected" time="0.222" errors="0" timestamp="2021-12-21T19:57:22 EST" skipped="0">
  <testcase classname="classPrectice.Use_of_is_selected" name="myAccountTest" time="0.222"/>
  <system-out/>
</testsuite> <!-- classPrectice.Use_of_is_selected -->
