<?xml version="1.0" encoding="UTF-8"?>
<!-- Generated by org.testng.reporters.JUnitReportReporter -->
<testsuite hostname="LAPTOP-FCHV3GMA" failures="0" tests="1" name="classPrectice.Use_of_getTitle_method" time="0.085" errors="0" timestamp="2021-12-22T00:04:35 EST" skipped="0">
  <testcase classname="classPrectice.Use_of_getTitle_method" name="titleTest" time="0.085"/>
  <system-out/>
</testsuite> <!-- classPrectice.Use_of_getTitle_method -->
